<?xml version="1.0" encoding="UTF-8"?>
<!-- Generated by org.testng.reporters.JUnitXMLReporter -->
<testsuite ignored="0" hostname="Priya" failures="0" tests="3" name="API Tests" time="3.12" errors="0" timestamp="2025-04-07T19:39:05 EDT">
  <testcase classname="com.example.api.ApiTest" name="testAllPosts" time="2.449"/>
  <testcase classname="com.example.api.ApiTest" name="testGetRequest" time="0.242"/>
  <testcase classname="com.example.api.ApiTest" name="testPostRequest" time="0.394"/>
</testsuite> <!-- API Tests -->
