<?xml version="1.0" encoding="UTF-8"?>
<!-- Generated by org.testng.reporters.JUnitXMLReporter -->
<testsuite ignored="0" hostname="Priya" failures="0" tests="3" name="Default test" time="3.385" errors="0" timestamp="2025-04-07T19:57:29 EDT">
  <testcase classname="com.example.api.ApiTest" name="testAllPosts" time="2.666"/>
  <testcase classname="com.example.api.ApiTest" name="testGetRequest" time="0.287"/>
  <testcase classname="com.example.api.ApiTest" name="testPostRequest" time="0.371"/>
</testsuite> <!-- Default test -->
