<?xml version="1.0" encoding="UTF-8"?>
<!-- Generated by org.testng.reporters.JUnitXMLReporter -->
<testsuite ignored="0" hostname="Priya" failures="0" tests="3" name="Default test" time="2.794" errors="0" timestamp="2025-04-06T19:46:06 EDT">
  <testcase classname="com.example.api.ApiTest" name="testAllPosts" time="2.55"/>
  <testcase classname="com.example.api.ApiTest" name="testGetRequest" time="0.056"/>
  <testcase classname="com.example.api.ApiTest" name="testPostRequest" time="0.134"/>
</testsuite> <!-- Default test -->
