<?xml version="1.0" encoding="UTF-8"?>
<testng-results ignored="0" total="3" passed="3" failed="0" skipped="0">
  <reporter-output>
  </reporter-output>
  <suite started-at="2025-04-07T19:57:25 EDT" name="Default suite" finished-at="2025-04-07T19:57:29 EDT" duration-ms="3385">
    <groups>
    </groups>
    <test started-at="2025-04-07T19:57:25 EDT" name="Default test" finished-at="2025-04-07T19:57:29 EDT" duration-ms="3385">
      <class name="com.example.api.ApiTest">
        <test-method signature="testAllPosts()[pri:0, instance:com.example.api.ApiTest@43301423]" started-at="2025-04-07T19:57:26 EDT" name="testAllPosts" finished-at="2025-04-07T19:57:28 EDT" duration-ms="2666" status="PASS">
          <reporter-output>
          </reporter-output>
        </test-method> <!-- testAllPosts -->
        <test-method signature="testGetRequest()[pri:0, instance:com.example.api.ApiTest@43301423]" started-at="2025-04-07T19:57:28 EDT" name="testGetRequest" finished-at="2025-04-07T19:57:28 EDT" duration-ms="287" status="PASS">
          <reporter-output>
          </reporter-output>
        </test-method> <!-- testGetRequest -->
        <test-method signature="testPostRequest()[pri:0, instance:com.example.api.ApiTest@43301423]" started-at="2025-04-07T19:57:29 EDT" name="testPostRequest" finished-at="2025-04-07T19:57:29 EDT" duration-ms="371" status="PASS">
          <reporter-output>
          </reporter-output>
        </test-method> <!-- testPostRequest -->
      </class> <!-- com.example.api.ApiTest -->
    </test> <!-- Default test -->
  </suite> <!-- Default suite -->
</testng-results>
