<?xml version="1.0" encoding="UTF-8"?>
<testng-results ignored="0" total="3" passed="3" failed="0" skipped="0">
  <reporter-output>
  </reporter-output>
  <suite started-at="2025-04-06T19:46:03 EDT" name="Default suite" finished-at="2025-04-06T19:46:06 EDT" duration-ms="2794">
    <groups>
    </groups>
    <test started-at="2025-04-06T19:46:03 EDT" name="Default test" finished-at="2025-04-06T19:46:06 EDT" duration-ms="2794">
      <class name="com.example.api.ApiTest">
        <test-method signature="testAllPosts()[pri:0, instance:com.example.api.ApiTest@43301423]" started-at="2025-04-06T19:46:03 EDT" name="testAllPosts" finished-at="2025-04-06T19:46:06 EDT" duration-ms="2550" status="PASS">
          <reporter-output>
          </reporter-output>
        </test-method> <!-- testAllPosts -->
        <test-method signature="testGetRequest()[pri:0, instance:com.example.api.ApiTest@43301423]" started-at="2025-04-06T19:46:06 EDT" name="testGetRequest" finished-at="2025-04-06T19:46:06 EDT" duration-ms="56" status="PASS">
          <reporter-output>
          </reporter-output>
        </test-method> <!-- testGetRequest -->
        <test-method signature="testPostRequest()[pri:0, instance:com.example.api.ApiTest@43301423]" started-at="2025-04-06T19:46:06 EDT" name="testPostRequest" finished-at="2025-04-06T19:46:06 EDT" duration-ms="134" status="PASS">
          <reporter-output>
          </reporter-output>
        </test-method> <!-- testPostRequest -->
      </class> <!-- com.example.api.ApiTest -->
    </test> <!-- Default test -->
  </suite> <!-- Default suite -->
</testng-results>
